#
# There is insufficient memory for the Java Runtime Environment to continue.
# Native memory allocation (malloc) failed to allocate 458896 bytes for Chunk::new
# Possible reasons:
#   The system is out of physical RAM or swap space
#   The process is running with CompressedOops enabled, and the Java Heap may be blocking the growth of the native heap
# Possible solutions:
#   Reduce memory load on the system
#   Increase physical memory or swap space
#   Check if swap backing store is full
#   Decrease Java heap size (-Xmx/-Xms)
#   Decrease number of Java threads
#   Decrease Java thread stack sizes (-Xss)
#   Set larger code cache with -XX:ReservedCodeCacheSize=
#   JVM is running with Zero Based Compressed Oops mode in which the Java heap is
#     placed in the first 32GB address space. The Java Heap base address is the
#     maximum limit for the native heap growth. Please use -XX:HeapBaseMinAddress
#     to set the Java Heap base and to place the Java Heap above 32GB virtual address.
# This output file may be truncated or incomplete.
#
#  Out of Memory Error (allocation.cpp:389), pid=9292, tid=0x0000000000005a70
#
# JRE version: Java(TM) SE Runtime Environment (8.0_241-b07) (build 1.8.0_241-b07)
# Java VM: Java HotSpot(TM) 64-Bit Server VM (25.241-b07 mixed mode windows-amd64 compressed oops)
# Failed to write core dump. Minidumps are not enabled by default on client versions of Windows
#

---------------  T H R E A D  ---------------

Current thread (0x000000002291d800):  JavaThread "C2 CompilerThread1" daemon [_thread_in_native, id=23152, stack(0x0000000023300000,0x0000000023400000)]

Stack: [0x0000000023300000,0x0000000023400000]
[error occurred during error reporting (printing stack bounds), id 0xc0000005]

Native frames: (J=compiled Java code, j=interpreted, Vv=VM code, C=native code)


Current CompileTask:
C2:    986  920       4       com.jcraft.jzlib.InfCodes::proc (2641 bytes)


---------------  P R O C E S S  ---------------

Java Threads: ( => current thread )
  0x00000000229ae000 JavaThread "Service Thread" daemon [_thread_blocked, id=2636, stack(0x0000000023600000,0x0000000023700000)]
  0x0000000022927000 JavaThread "C1 CompilerThread3" daemon [_thread_blocked, id=13128, stack(0x0000000023500000,0x0000000023600000)]
  0x0000000022924000 JavaThread "C2 CompilerThread2" daemon [_thread_blocked, id=22692, stack(0x0000000023400000,0x0000000023500000)]
=>0x000000002291d800 JavaThread "C2 CompilerThread1" daemon [_thread_in_native, id=23152, stack(0x0000000023300000,0x0000000023400000)]
  0x0000000022918000 JavaThread "C2 CompilerThread0" daemon [_thread_blocked, id=4960, stack(0x0000000023200000,0x0000000023300000)]
  0x0000000022915000 JavaThread "Attach Listener" daemon [_thread_blocked, id=11468, stack(0x0000000023100000,0x0000000023200000)]
  0x0000000022914000 JavaThread "Signal Dispatcher" daemon [_thread_blocked, id=8304, stack(0x0000000023000000,0x0000000023100000)]
  0x00000000025ab800 JavaThread "Finalizer" daemon [_thread_blocked, id=8772, stack(0x0000000022de0000,0x0000000022ee0000)]
  0x0000000022900800 JavaThread "Reference Handler" daemon [_thread_blocked, id=12776, stack(0x0000000022ce0000,0x0000000022de0000)]
  0x00000000024b5800 JavaThread "main" [_thread_in_Java, id=15672, stack(0x00000000023b0000,0x00000000024b0000)]

Other Threads:
  0x0000000020aea000 VMThread [stack: 0x00000000227e0000,0x00000000228e0000] [id=23140]
  0x00000000229c9000 WatcherThread [stack: 0x0000000023700000,0x0000000023800000] [id=13468]

VM state:not at safepoint (normal execution)

VM Mutex/Monitor currently owned by a thread: None

heap address: 0x0000000640e00000, size: 6130 MB, Compressed Oops mode: Zero based, Oop shift amount: 3
Narrow klass base: 0x0000000000000000, Narrow klass shift: 3
Compressed class space size: 1073741824 Address: 0x00000007c0000000

Heap:
 PSYoungGen      total 114688K, used 34199K [0x0000000740500000, 0x0000000748500000, 0x00000007c0000000)
  eden space 98304K, 34% used [0x0000000740500000,0x0000000742665e38,0x0000000746500000)
  from space 16384K, 0% used [0x0000000747500000,0x0000000747500000,0x0000000748500000)
  to   space 16384K, 0% used [0x0000000746500000,0x0000000746500000,0x0000000747500000)
 ParOldGen       total 262144K, used 0K [0x0000000640e00000, 0x0000000650e00000, 0x0000000740500000)
  object space 262144K, 0% used [0x0000000640e00000,0x0000000640e00000,0x0000000650e00000)
 Metaspace       used 9013K, capacity 9224K, committed 9344K, reserved 1056768K
  class space    used 1052K, capacity 1144K, committed 1152K, reserved 1048576K

Card table byte_map: [0x0000000011970000,0x0000000012570000] byte_map_base: 0x000000000e769000

Marking Bits: (ParMarkBitMap*) 0x00000000642cbe30
 Begin Bits: [0x0000000013570000, 0x0000000019538000)
 End Bits:   [0x0000000019538000, 0x000000001f500000)

Polling page: 0x00000000022e0000

CodeCache: size=245760Kb used=3624Kb max_used=3634Kb free=242135Kb
 bounds [0x00000000025b0000, 0x0000000002950000, 0x00000000115b0000]
 total_blobs=1332 nmethods=985 adapters=260
 compilation: enabled

Compilation events (10 events):
Event: 0.967 Thread 0x0000000022924000  974       4       java.util.TreeMap::put (247 bytes)
Event: 0.968 Thread 0x0000000022918000 nmethod 973% 0x00000000029299d0 code [0x0000000002929b60, 0x000000000292a050]
Event: 0.968 Thread 0x0000000022918000  977       4       systems.crigges.jmpq3.compression.ADPCM::decompress (452 bytes)
Event: 0.976 Thread 0x0000000022924000 nmethod 974 0x000000000292b090 code [0x000000000292b220, 0x000000000292bae8]
Event: 0.976 Thread 0x0000000022924000  978       4       systems.crigges.jmpq3.compression.Huffman::Decompress (147 bytes)
Event: 0.983 Thread 0x0000000022924000 nmethod 978 0x0000000002938010 code [0x00000000029381c0, 0x00000000029386c0]
Event: 0.983 Thread 0x0000000022924000  979       4       java.util.TreeMap::getEntry (84 bytes)
Event: 0.984 Thread 0x0000000022924000 nmethod 979 0x0000000002929550 code [0x00000000029296a0, 0x0000000002929818]
Event: 0.984 Thread 0x0000000022924000  980       4       java.util.TreeMap::ceilingEntry (9 bytes)
Event: 0.985 Thread 0x0000000022927000  981       3       systems.crigges.jmpq3.compression.Huffman::incrementProbability (193 bytes)

GC Heap History (0 events):
No events

Deoptimization events (10 events):
Event: 0.878 Thread 0x00000000024b5800 Uncommon trap: reason=class_check action=maybe_recompile pc=0x0000000002843594 method=java.util.regex.Pattern$CharProperty.match(Ljava/util/regex/Matcher;ILjava/lang/CharSequence;)Z @ 37
Event: 0.878 Thread 0x00000000024b5800 Uncommon trap: reason=class_check action=maybe_recompile pc=0x0000000002843594 method=java.util.regex.Pattern$CharProperty.match(Ljava/util/regex/Matcher;ILjava/lang/CharSequence;)Z @ 37
Event: 0.878 Thread 0x00000000024b5800 Uncommon trap: reason=class_check action=maybe_recompile pc=0x0000000002843594 method=java.util.regex.Pattern$CharProperty.match(Ljava/util/regex/Matcher;ILjava/lang/CharSequence;)Z @ 37
Event: 0.890 Thread 0x00000000024b5800 Uncommon trap: reason=bimorphic action=maybe_recompile pc=0x00000000028a939c method=java.util.regex.Pattern$CharProperty.match(Ljava/util/regex/Matcher;ILjava/lang/CharSequence;)Z @ 37
Event: 0.891 Thread 0x00000000024b5800 Uncommon trap: reason=bimorphic action=maybe_recompile pc=0x00000000028a939c method=java.util.regex.Pattern$CharProperty.match(Ljava/util/regex/Matcher;ILjava/lang/CharSequence;)Z @ 37
Event: 0.891 Thread 0x00000000024b5800 Uncommon trap: reason=bimorphic action=maybe_recompile pc=0x00000000028a939c method=java.util.regex.Pattern$CharProperty.match(Ljava/util/regex/Matcher;ILjava/lang/CharSequence;)Z @ 37
Event: 0.891 Thread 0x00000000024b5800 Uncommon trap: reason=bimorphic action=maybe_recompile pc=0x00000000028a939c method=java.util.regex.Pattern$CharProperty.match(Ljava/util/regex/Matcher;ILjava/lang/CharSequence;)Z @ 37
Event: 0.929 Thread 0x00000000024b5800 Uncommon trap: reason=class_check action=maybe_recompile pc=0x00000000028f99cc method=java.lang.AbstractStringBuilder.append(Ljava/lang/CharSequence;)Ljava/lang/AbstractStringBuilder; @ 10
Event: 0.929 Thread 0x00000000024b5800 Uncommon trap: reason=class_check action=maybe_recompile pc=0x00000000028f99cc method=java.lang.AbstractStringBuilder.append(Ljava/lang/CharSequence;)Ljava/lang/AbstractStringBuilder; @ 10
Event: 0.966 Thread 0x00000000024b5800 Uncommon trap: reason=unstable_if action=reinterpret pc=0x0000000002935248 method=systems.crigges.jmpq3.compression.ADPCM.decompress(Ljava/nio/ByteBuffer;Ljava/nio/ByteBuffer;I)V @ 404

Classes redefined (0 events):
No events

Internal exceptions (10 events):
Event: 0.124 Thread 0x00000000024b5800 Exception <a 'java/security/PrivilegedActionException'> (0x00000007405d1588) thrown at [C:\ade\jenkins\workspace\8-2-build-windows-amd64-cygwin\jdk8u241\331\hotspot\src\share\vm\prims\jvm.cpp, line 1502]
Event: 0.124 Thread 0x00000000024b5800 Exception <a 'java/security/PrivilegedActionException'> (0x00000007405d1798) thrown at [C:\ade\jenkins\workspace\8-2-build-windows-amd64-cygwin\jdk8u241\331\hotspot\src\share\vm\prims\jvm.cpp, line 1502]
Event: 0.156 Thread 0x00000000024b5800 Exception <a 'java/security/PrivilegedActionException'> (0x000000074067ea18) thrown at [C:\ade\jenkins\workspace\8-2-build-windows-amd64-cygwin\jdk8u241\331\hotspot\src\share\vm\prims\jvm.cpp, line 1502]
Event: 0.156 Thread 0x00000000024b5800 Exception <a 'java/security/PrivilegedActionException'> (0x000000074067ec28) thrown at [C:\ade\jenkins\workspace\8-2-build-windows-amd64-cygwin\jdk8u241\331\hotspot\src\share\vm\prims\jvm.cpp, line 1502]
Event: 0.157 Thread 0x00000000024b5800 Exception <a 'java/security/PrivilegedActionException'> (0x0000000740682b38) thrown at [C:\ade\jenkins\workspace\8-2-build-windows-amd64-cygwin\jdk8u241\331\hotspot\src\share\vm\prims\jvm.cpp, line 1502]
Event: 0.157 Thread 0x00000000024b5800 Exception <a 'java/security/PrivilegedActionException'> (0x0000000740682d48) thrown at [C:\ade\jenkins\workspace\8-2-build-windows-amd64-cygwin\jdk8u241\331\hotspot\src\share\vm\prims\jvm.cpp, line 1502]
Event: 0.212 Thread 0x00000000024b5800 Exception <a 'java/io/FileNotFoundException'> (0x0000000740c123d0) thrown at [C:\ade\jenkins\workspace\8-2-build-windows-amd64-cygwin\jdk8u241\331\hotspot\src\share\vm\prims\jni.cpp, line 710]
Event: 0.816 Thread 0x00000000024b5800 Exception <a 'java/lang/NoSuchMethodError': org.slf4j.impl.StaticMDCBinder.getSingleton()Lorg/slf4j/impl/StaticMDCBinder;> (0x00000007419dfd00) thrown at [C:\ade\jenkins\workspace\8-2-build-windows-amd64-cygwin\jdk8u241\331\hotspot\src\share\vm\interprete
Event: 0.848 Thread 0x00000000024b5800 Exception <a 'java/lang/NoSuchFieldError': method resolution failed> (0x0000000741b83590) thrown at [C:\ade\jenkins\workspace\8-2-build-windows-amd64-cygwin\jdk8u241\331\hotspot\src\share\vm\prims\methodHandles.cpp, line 1167]
Event: 0.851 Thread 0x00000000024b5800 Exception <a 'java/lang/NoSuchFieldError': method resolution failed> (0x0000000741b90880) thrown at [C:\ade\jenkins\workspace\8-2-build-windows-amd64-cygwin\jdk8u241\331\hotspot\src\share\vm\prims\methodHandles.cpp, line 1167]

Events (10 events):
Event: 0.981 Thread 0x00000000024b5800 DEOPT PACKING pc=0x000000000292638e sp=0x00000000024af1e0
Event: 0.981 Thread 0x00000000024b5800 DEOPT UNPACKING pc=0x00000000025f7890 sp=0x00000000024aef30 mode 0
Event: 0.982 Thread 0x00000000024b5800 DEOPT PACKING pc=0x0000000002926368 sp=0x00000000024af1e0
Event: 0.982 Thread 0x00000000024b5800 DEOPT UNPACKING pc=0x00000000025f7890 sp=0x00000000024aef30 mode 0
Event: 0.982 Thread 0x00000000024b5800 DEOPT PACKING pc=0x0000000002926368 sp=0x00000000024af1e0
Event: 0.982 Thread 0x00000000024b5800 DEOPT UNPACKING pc=0x00000000025f7890 sp=0x00000000024aef30 mode 0
Event: 0.982 Thread 0x00000000024b5800 DEOPT PACKING pc=0x000000000292638e sp=0x00000000024af1e0
Event: 0.982 Thread 0x00000000024b5800 DEOPT UNPACKING pc=0x00000000025f7890 sp=0x00000000024aef30 mode 0
Event: 0.983 Thread 0x00000000024b5800 DEOPT PACKING pc=0x000000000292638e sp=0x00000000024af1e0
Event: 0.983 Thread 0x00000000024b5800 DEOPT UNPACKING pc=0x00000000025f7890 sp=0x00000000024aef30 mode 0


Dynamic libraries:
0x00007ff7dd4f0000 - 0x00007ff7dd527000 	C:\Program Files\Java\jdk1.8.0_241\bin\java.exe
0x00007fffa4db0000 - 0x00007fffa4fa7000 	C:\WINDOWS\SYSTEM32\ntdll.dll
0x00007fffa4060000 - 0x00007fffa411d000 	C:\WINDOWS\System32\KERNEL32.DLL
0x00007fffa2790000 - 0x00007fffa2a5d000 	C:\WINDOWS\System32\KERNELBASE.dll
0x00007fffa3740000 - 0x00007fffa37ee000 	C:\WINDOWS\System32\ADVAPI32.dll
0x00007fffa39c0000 - 0x00007fffa3a5e000 	C:\WINDOWS\System32\msvcrt.dll
0x00007fffa3f60000 - 0x00007fffa3ffc000 	C:\WINDOWS\System32\sechost.dll
0x00007fffa4590000 - 0x00007fffa46b5000 	C:\WINDOWS\System32\RPCRT4.dll
0x00007fffa3a80000 - 0x00007fffa3c20000 	C:\WINDOWS\System32\USER32.dll
0x00007fffa2620000 - 0x00007fffa2642000 	C:\WINDOWS\System32\win32u.dll
0x00007fffa46c0000 - 0x00007fffa46ea000 	C:\WINDOWS\System32\GDI32.dll
0x00007fffa2680000 - 0x00007fffa278b000 	C:\WINDOWS\System32\gdi32full.dll
0x00007fffa2580000 - 0x00007fffa261d000 	C:\WINDOWS\System32\msvcp_win.dll
0x00007fffa2c80000 - 0x00007fffa2d80000 	C:\WINDOWS\System32\ucrtbase.dll
0x00007fff8cd10000 - 0x00007fff8cfaa000 	C:\WINDOWS\WinSxS\amd64_microsoft.windows.common-controls_6595b64144ccf1df_6.0.19041.1110_none_60b5254171f9507e\COMCTL32.dll
0x00007fffa3e80000 - 0x00007fffa3eb0000 	C:\WINDOWS\System32\IMM32.DLL
0x0000000064ae0000 - 0x0000000064bb2000 	C:\Program Files\Java\jdk1.8.0_241\jre\bin\msvcr100.dll
0x0000000063aa0000 - 0x000000006434c000 	C:\Program Files\Java\jdk1.8.0_241\jre\bin\server\jvm.dll
0x00007fffa4850000 - 0x00007fffa4858000 	C:\WINDOWS\System32\PSAPI.DLL
0x00007fff8f5f0000 - 0x00007fff8f5f9000 	C:\WINDOWS\SYSTEM32\WSOCK32.dll
0x00007fff9aba0000 - 0x00007fff9abaa000 	C:\WINDOWS\SYSTEM32\VERSION.dll
0x00007fffa4d00000 - 0x00007fffa4d6b000 	C:\WINDOWS\System32\WS2_32.dll
0x00007fff99b00000 - 0x00007fff99b27000 	C:\WINDOWS\SYSTEM32\WINMM.dll
0x00007fff745b0000 - 0x00007fff745bf000 	C:\Program Files\Java\jdk1.8.0_241\jre\bin\verify.dll
0x00007fff34ac0000 - 0x00007fff34ae9000 	C:\Program Files\Java\jdk1.8.0_241\jre\bin\java.dll
0x00007fff66be0000 - 0x00007fff66bf6000 	C:\Program Files\Java\jdk1.8.0_241\jre\bin\zip.dll
0x00007fffa2e70000 - 0x00007fffa35b4000 	C:\WINDOWS\System32\SHELL32.dll
0x00007fffa0570000 - 0x00007fffa0d04000 	C:\WINDOWS\SYSTEM32\windows.storage.dll
0x00007fffa49a0000 - 0x00007fffa4cf4000 	C:\WINDOWS\System32\combase.dll
0x00007fffa1e50000 - 0x00007fffa1e7c000 	C:\WINDOWS\SYSTEM32\Wldp.dll
0x00007fffa3eb0000 - 0x00007fffa3f5d000 	C:\WINDOWS\System32\SHCORE.dll
0x00007fffa35c0000 - 0x00007fffa3615000 	C:\WINDOWS\System32\shlwapi.dll
0x00007fffa2410000 - 0x00007fffa242f000 	C:\WINDOWS\SYSTEM32\profapi.dll
0x00007fff58350000 - 0x00007fff5836a000 	C:\Program Files\Java\jdk1.8.0_241\jre\bin\net.dll
0x00007fffa1c30000 - 0x00007fffa1c9a000 	C:\WINDOWS\system32\mswsock.dll
0x00007fff49dd0000 - 0x00007fff49de2000 	C:\Program Files\Java\jdk1.8.0_241\jre\bin\nio.dll
0x00007fffa2190000 - 0x00007fffa21a8000 	C:\WINDOWS\SYSTEM32\CRYPTSP.dll
0x00007fffa1560000 - 0x00007fffa1594000 	C:\WINDOWS\system32\rsaenh.dll
0x00007fffa2650000 - 0x00007fffa2677000 	C:\WINDOWS\System32\bcrypt.dll
0x00007fffa23d0000 - 0x00007fffa23fe000 	C:\WINDOWS\SYSTEM32\USERENV.dll
0x00007fffa2d80000 - 0x00007fffa2e02000 	C:\WINDOWS\System32\bcryptprimitives.dll
0x00007fffa1dc0000 - 0x00007fffa1dcc000 	C:\WINDOWS\SYSTEM32\CRYPTBASE.dll
0x00007fffa18f0000 - 0x00007fffa192b000 	C:\WINDOWS\SYSTEM32\IPHLPAPI.DLL
0x00007fffa48c0000 - 0x00007fffa48c8000 	C:\WINDOWS\System32\NSI.dll
0x00007fff9c4c0000 - 0x00007fff9c4d7000 	C:\WINDOWS\SYSTEM32\dhcpcsvc6.DLL
0x00007fff9c3c0000 - 0x00007fff9c3dd000 	C:\WINDOWS\SYSTEM32\dhcpcsvc.DLL
0x00007fffa1940000 - 0x00007fffa1a0b000 	C:\WINDOWS\SYSTEM32\DNSAPI.dll

VM Arguments:
jvm_args: -Dfile.encoding=windows-1252 -Duser.country=US -Duser.language=en -Duser.variant 
java_command: misc.SplitCampaign
java_class_path (initial): H:\Hobby\wc3libs\build\classes\java\test;H:\Hobby\wc3libs\build\resources\test;H:\Hobby\wc3libs\build\classes\java\main;H:\Hobby\wc3libs\build\resources\main;C:\Users\r_ale\.gradle\caches\modules-2\files-2.1\org.antlr\antlr4\4.9.2\a34d0bb512c1bd54d1d59cced3f7cbc0b0d1a495\antlr4-4.9.2.jar;C:\Users\r_ale\.gradle\caches\modules-2\files-2.1\com.github.inwc3\jmpq3\0aaca2373d\9f93074528872142371247e0d87149e5fc05484f\jmpq3-0aaca2373d.jar;C:\Users\r_ale\.gradle\caches\modules-2\files-2.1\ch.qos.logback\logback-classic\1.2.3\7c4f3c474fb2c041d8028740440937705ebb473a\logback-classic-1.2.3.jar;C:\Users\r_ale\.gradle\caches\modules-2\files-2.1\com.dorkbox\PeParser\3.1\fa517e5af3c4f3798116d7e20e6f7bd71d722220\PeParser-3.1.jar;C:\Users\r_ale\.gradle\caches\modules-2\files-2.1\com.dorkbox\Utilities\1.9\c231301b1a15134188a6e90968e4a0777c583a30\Utilities-1.9.jar;C:\Users\r_ale\.gradle\caches\modules-2\files-2.1\com.dorkbox\Executor\3.0\188e1919c73962d0f235acf4887ddf5b4751349c\Executor-3.0.jar;C:\Users\r_ale\.gradle\caches\modules-2\files-2.1\com.dorkbox\SwtJavaFx\1.1\95644c93396743b9036267c088b57ef0c42fede8\SwtJavaFx-1.1.jar;C:\Users\r_ale\.gradle\caches\modules-2\files-2.1\com.hierynomus\sshj\0.30.0\b373a758e184f321baa6be64f91674d0552da67b\sshj-0.30.0.jar;C:\Users\r_ale\.gradle\caches\modules-2\files-2.1\io.github.microutils\kotlin-logging-jvm\2.0.6\539f788429038f058f9c0da3cac14f7b653f0db8\kotlin-logging-jvm-2.0.6.jar;C:\Users\r_ale\.gradle\caches\modules-2\files-2.1\com.hierynomus\asn-one\0.4.0\8b84eb87d5a09bce5a01afb903bbe64ee7c874b9\asn-one-0.4.0.jar;C:\Users\r_ale\.gradle\caches\modules-2\files-2.1\org.slf4j\slf4j-api\1.7.30\b5a4b6d16ab13e34a88fae84c35cd5d68cac922c\slf4j-api-1.7.30.jar;C:\Users\r_ale\.gradle\caches\modules-2\files-2.1\com.google.code.findbugs\jsr305\3.0.2\25ea2e8b0c338a877313bd4672d3fe056ea78f0d\jsr305-3.0.2.jar;C:\Users\r_ale\.gradle\caches\modules-2\files-2.1\com.dorkbox\PeParser-Dorkbox-Util\2.7\e0e3baf5b8fa428a8bcf03bb677788fa1b9
Launcher Type: SUN_STANDARD

Environment Variables:
JAVA_HOME=C:\Program Files\Java\jdk1.8.0_241
PATH=C:\Program Files\Common Files\Oracle\Java\javapath;H:\Programe\OracleXE\dbhomeXE\bin;J:\Programe\VMware\VMware Player\bin\;D:\Oculus\Support\oculus-runtime;C:\Program Files\Haskell\bin;D:\Program Files\Haskell Platform\8.6.5\lib\extralibs\bin;D:\Program Files\Haskell Platform\8.6.5\bin;C:\Program Files\Java\jdk1.8.0_241\bin;C:\Windows\system32;C:\Windows;C:\Program Files (x86)\Common Files\Oracle\Java\javapath;C:\Windows\System32\Wbem;C:\Windows\System32\WindowsPowerShell\v1.0\;C:\Program Files (x86)\NVIDIA Corporation\PhysX\Common;C:\Program Files\NVIDIA Corporation\NVIDIA NvDLISR;C:\Gradle\gradle-5.6.2\bin;C:\WINDOWS\system32;C:\WINDOWS;C:\WINDOWS\System32\Wbem;C:\WINDOWS\System32\WindowsPowerShell\v1.0\;C:\WINDOWS\System32\OpenSSH\;D:\Program Files\Haskell Platform\8.6.5\mingw\bin;D:\Programe\swipl\bin;C:\Program Files\dotnet\;D:\Programe\nodejs\;J:\Git\cmd;C:\WINDOWS\system32;C:\WINDOWS;C:\WINDOWS\System32\Wbem;C:\WINDOWS\System32\WindowsPowerShell\v1.0\;C:\WINDOWS\System32\OpenSSH\;C:\Program Files (x86)\Microsoft SQL Server\150\DTS\Binn\;C:\Program Files\Azure Data Studio\bin;C:\Program Files\Microsoft SQL Server\150\Tools\Binn\;C:\Program Files\Microsoft SQL Server\Client SDK\ODBC\170\Tools\Binn\;C:\Program Files\Docker\Docker\resources\bin;C:\ProgramData\DockerDesktop\version-bin;C:\Program Files\Git\cmd;C:\Program Files\MySQL\MySQL Shell 8.0\bin\;C:\Users\r_ale\AppData\Roaming\cabal\bin;C:\Users\r_ale\AppData\Roaming\local\bin;C:\Users\r_ale\AppData\Local\Microsoft\WindowsApps;C:\Users\r_ale\AppData\Local\GitHubDesktop\bin;D:\Programe\Microsoft VS Code\bin;J:\DIVERSE PROGRAME\MiKTeX\miktex\bin\x64\;C:\Users\r_ale\AppData\Roaming\npm;C:\Users\r_ale\AppData\Local\Microsoft\WindowsApps;D:\Programe\JetBrains\IntelliJ IDEA Community Edition 2021.2.3\bin;;C:\Program Files\Azure Data Studio\bin;C:\Users\r_ale\.dotnet\tools;D:\Programe\MiKTeX\miktex\bin\x64\
USERNAME=Alexgaby
OS=Windows_NT
PROCESSOR_IDENTIFIER=Intel64 Family 6 Model 60 Stepping 3, GenuineIntel



---------------  S Y S T E M  ---------------

OS: Windows 10.0 , 64 bit Build 19041 (10.0.19041.1741)

CPU:total 8 (initial active 8) (4 cores per cpu, 2 threads per core) family 6 model 60 stepping 3, cmov, cx8, fxsr, mmx, sse, sse2, sse3, ssse3, sse4.1, sse4.2, popcnt, avx, avx2, aes, clmul, erms, lzcnt, ht, tsc, tscinvbit, bmi1, bmi2

Memory: 4k page, physical 25106008k(4703108k free), swap 25106008k(6792k free)

vm_info: Java HotSpot(TM) 64-Bit Server VM (25.241-b07) for windows-amd64 JRE (1.8.0_241-b07), built on Dec 11 2019 10:21:40 by "rejava" with MS VC++ 10.0 (VS2010)

time: Sat Jul 02 19:58:14 2022
timezone: GTB Daylight Time
elapsed time: 0 seconds (0d 0h 0m 0s)

