#
# There is insufficient memory for the Java Runtime Environment to continue.
# Native memory allocation (malloc) failed to allocate 32744 bytes for ChunkPool::allocate
# Possible reasons:
#   The system is out of physical RAM or swap space
#   The process is running with CompressedOops enabled, and the Java Heap may be blocking the growth of the native heap
# Possible solutions:
#   Reduce memory load on the system
#   Increase physical memory or swap space
#   Check if swap backing store is full
#   Decrease Java heap size (-Xmx/-Xms)
#   Decrease number of Java threads
#   Decrease Java thread stack sizes (-Xss)
#   Set larger code cache with -XX:ReservedCodeCacheSize=
#   JVM is running with Unscaled Compressed Oops mode in which the Java heap is
#     placed in the first 4GB address space. The Java Heap base address is the
#     maximum limit for the native heap growth. Please use -XX:HeapBaseMinAddress
#     to set the Java Heap base and to place the Java Heap above 4GB virtual address.
# This output file may be truncated or incomplete.
#
#  Out of Memory Error (allocation.cpp:272), pid=15456, tid=0x00000000000050e4
#
# JRE version: Java(TM) SE Runtime Environment (8.0_241-b07) (build 1.8.0_241-b07)
# Java VM: Java HotSpot(TM) 64-Bit Server VM (25.241-b07 mixed mode windows-amd64 compressed oops)
# Failed to write core dump. Minidumps are not enabled by default on client versions of Windows
#

---------------  T H R E A D  ---------------

Current thread (0x0000000016522800):  JavaThread "C2 CompilerThread2" daemon [_thread_in_native, id=20708, stack(0x00000000172b0000,0x00000000173b0000)]

Stack: [0x00000000172b0000,0x00000000173b0000]
[error occurred during error reporting (printing stack bounds), id 0xc0000005]

Native frames: (J=compiled Java code, j=interpreted, Vv=VM code, C=native code)


Current CompileTask:
C2:   2808 1525       4       java.net.URLClassLoader$1::run (5 bytes)


---------------  P R O C E S S  ---------------

Java Threads: ( => current thread )
  0x0000000017941000 JavaThread "Cache worker for journal cache (C:\Users\r_ale\.gradle\caches\journal-1)" [_thread_blocked, id=2068, stack(0x000000001c880000,0x000000001c980000)]
  0x0000000017942000 JavaThread "File lock request listener" [_thread_in_native, id=23016, stack(0x000000001c780000,0x000000001c880000)]
  0x0000000017940800 JavaThread "Cache worker for file hash cache (C:\Users\r_ale\.gradle\caches\6.7\fileHashes)" [_thread_blocked, id=23404, stack(0x000000001b6b0000,0x000000001b7b0000)]
  0x0000000019b41800 JavaThread "Thread-9" [_thread_blocked, id=4540, stack(0x000000001b3b0000,0x000000001b4b0000)]
  0x0000000019b43000 JavaThread "Stdin handler" [_thread_blocked, id=8224, stack(0x000000001b2b0000,0x000000001b3b0000)]
  0x0000000019abb800 JavaThread "Asynchronous log dispatcher for DefaultDaemonConnection: socket connection from /127.0.0.1:50575 to /127.0.0.1:50576" [_thread_blocked, id=14680, stack(0x000000001b1b0000,0x000000001b2b0000)]
  0x0000000019aff000 JavaThread "Daemon worker" [_thread_in_Java, id=7876, stack(0x000000001b0b0000,0x000000001b1b0000)]
  0x0000000019afd000 JavaThread "Cancel handler" [_thread_blocked, id=23392, stack(0x000000001afb0000,0x000000001b0b0000)]
  0x0000000019a96000 JavaThread "Handler for socket connection from /127.0.0.1:50575 to /127.0.0.1:50576" [_thread_in_native, id=21916, stack(0x000000001aeb0000,0x000000001afb0000)]
  0x0000000019a92800 JavaThread "Daemon" [_thread_blocked, id=15212, stack(0x000000001adb0000,0x000000001aeb0000)]
  0x0000000019ab1000 JavaThread "Daemon periodic checks" [_thread_blocked, id=20144, stack(0x000000001a9b0000,0x000000001aab0000)]
  0x0000000019a2d000 JavaThread "Incoming local TCP Connector on port 50575" [_thread_in_native, id=9240, stack(0x000000001a770000,0x000000001a870000)]
  0x000000001994b800 JavaThread "Daemon health stats" [_thread_blocked, id=23504, stack(0x000000001a130000,0x000000001a230000)]
  0x000000001659f800 JavaThread "Service Thread" daemon [_thread_blocked, id=22268, stack(0x00000000174b0000,0x00000000175b0000)]
  0x0000000016525000 JavaThread "C1 CompilerThread3" daemon [_thread_blocked, id=8452, stack(0x00000000173b0000,0x00000000174b0000)]
=>0x0000000016522800 JavaThread "C2 CompilerThread2" daemon [_thread_in_native, id=20708, stack(0x00000000172b0000,0x00000000173b0000)]
  0x0000000016520800 JavaThread "C2 CompilerThread1" daemon [_thread_in_native, id=12636, stack(0x00000000171b0000,0x00000000172b0000)]
  0x000000001651a800 JavaThread "C2 CompilerThread0" daemon [_thread_blocked, id=13072, stack(0x00000000170b0000,0x00000000171b0000)]
  0x00000000164fc800 JavaThread "JDWP Command Reader" daemon [_thread_in_native, id=11968, stack(0x0000000016fb0000,0x00000000170b0000)]
  0x00000000164fb800 JavaThread "JDWP Event Helper Thread" daemon [_thread_blocked, id=19068, stack(0x0000000016eb0000,0x0000000016fb0000)]
  0x00000000164f1000 JavaThread "JDWP Transport Listener: dt_socket" daemon [_thread_blocked, id=21460, stack(0x0000000016db0000,0x0000000016eb0000)]
  0x00000000164e4800 JavaThread "Attach Listener" daemon [_thread_blocked, id=12352, stack(0x0000000016cb0000,0x0000000016db0000)]
  0x00000000164e2800 JavaThread "Signal Dispatcher" daemon [_thread_blocked, id=15700, stack(0x0000000016bb0000,0x0000000016cb0000)]
  0x00000000146ce000 JavaThread "Finalizer" daemon [_thread_blocked, id=21400, stack(0x00000000169b0000,0x0000000016ab0000)]
  0x00000000164d0800 JavaThread "Reference Handler" daemon [_thread_blocked, id=14672, stack(0x00000000168b0000,0x00000000169b0000)]
  0x0000000002d63800 JavaThread "main" [_thread_blocked, id=9704, stack(0x0000000002c10000,0x0000000002d10000)]

Other Threads:
  0x00000000146ca000 VMThread [stack: 0x00000000163b0000,0x00000000164b0000] [id=4376]
  0x00000000165bc800 WatcherThread [stack: 0x00000000175b0000,0x00000000176b0000] [id=20212]

VM state:not at safepoint (normal execution)

VM Mutex/Monitor currently owned by a thread: None

heap address: 0x00000000e0000000, size: 512 MB, Compressed Oops mode: 32-bit
Narrow klass base: 0x0000000000000000, Narrow klass shift: 3
Compressed class space size: 1073741824 Address: 0x0000000100000000

Heap:
 PSYoungGen      total 76288K, used 65279K [0x00000000f5580000, 0x00000000faa80000, 0x0000000100000000)
  eden space 65536K, 85% used [0x00000000f5580000,0x00000000f8c3c490,0x00000000f9580000)
  from space 10752K, 85% used [0x00000000fa000000,0x00000000fa903870,0x00000000faa80000)
  to   space 10752K, 0% used [0x00000000f9580000,0x00000000f9580000,0x00000000fa000000)
 ParOldGen       total 175104K, used 24K [0x00000000e0000000, 0x00000000eab00000, 0x00000000f5580000)
  object space 175104K, 0% used [0x00000000e0000000,0x00000000e0006000,0x00000000eab00000)
 Metaspace       used 18899K, capacity 19582K, committed 19840K, reserved 1067008K
  class space    used 2708K, capacity 2911K, committed 2944K, reserved 1048576K

Card table byte_map: [0x0000000012220000,0x0000000012330000] byte_map_base: 0x0000000011b20000

Marking Bits: (ParMarkBitMap*) 0x00000000642cbe30
 Begin Bits: [0x0000000012be0000, 0x00000000133e0000)
 End Bits:   [0x00000000133e0000, 0x0000000013be0000)

Polling page: 0x00000000013f0000

CodeCache: size=245760Kb used=6157Kb max_used=6161Kb free=239602Kb
 bounds [0x0000000002e60000, 0x0000000003470000, 0x0000000011e60000]
 total_blobs=2155 nmethods=1752 adapters=323
 compilation: enabled

Compilation events (10 events):
Event: 2.787 Thread 0x000000001651a800 nmethod 1750 0x0000000003463950 code [0x0000000003463aa0, 0x0000000003463c08]
Event: 2.788 Thread 0x0000000016525000 nmethod 1751 0x0000000003467010 code [0x00000000034671c0, 0x0000000003467808]
Event: 2.788 Thread 0x0000000016525000 1753       3       org.objectweb.asm.SymbolTable::get (13 bytes)
Event: 2.788 Thread 0x0000000016525000 nmethod 1753 0x00000000034634d0 code [0x0000000003463620, 0x00000000034637b0]
Event: 2.789 Thread 0x0000000016525000 1754       3       org.objectweb.asm.SymbolTable::hash (10 bytes)
Event: 2.789 Thread 0x0000000016525000 nmethod 1754 0x0000000003466bd0 code [0x0000000003466d40, 0x0000000003466f48]
Event: 2.796 Thread 0x0000000016525000 1755       3       org.objectweb.asm.ByteVector::putShort (52 bytes)
Event: 2.796 Thread 0x0000000016525000 nmethod 1755 0x0000000003466490 code [0x0000000003466600, 0x0000000003466868]
Event: 2.800 Thread 0x0000000016525000 1756       3       sun.reflect.ConstructorAccessorImpl::<init> (5 bytes)
Event: 2.800 Thread 0x0000000016525000 nmethod 1756 0x0000000003466010 code [0x0000000003466180, 0x0000000003466390]

GC Heap History (4 events):
Event: 0.955 GC heap before
{Heap before GC invocations=1 (full 0):
 PSYoungGen      total 76288K, used 65536K [0x00000000f5580000, 0x00000000faa80000, 0x0000000100000000)
  eden space 65536K, 100% used [0x00000000f5580000,0x00000000f9580000,0x00000000f9580000)
  from space 10752K, 0% used [0x00000000fa000000,0x00000000fa000000,0x00000000faa80000)
  to   space 10752K, 0% used [0x00000000f9580000,0x00000000f9580000,0x00000000fa000000)
 ParOldGen       total 175104K, used 0K [0x00000000e0000000, 0x00000000eab00000, 0x00000000f5580000)
  object space 175104K, 0% used [0x00000000e0000000,0x00000000e0000000,0x00000000eab00000)
 Metaspace       used 7407K, capacity 7674K, committed 7936K, reserved 1056768K
  class space    used 920K, capacity 1005K, committed 1024K, reserved 1048576K
Event: 0.961 GC heap after
Heap after GC invocations=1 (full 0):
 PSYoungGen      total 76288K, used 5819K [0x00000000f5580000, 0x00000000faa80000, 0x0000000100000000)
  eden space 65536K, 0% used [0x00000000f5580000,0x00000000f5580000,0x00000000f9580000)
  from space 10752K, 54% used [0x00000000f9580000,0x00000000f9b2ec00,0x00000000fa000000)
  to   space 10752K, 0% used [0x00000000fa000000,0x00000000fa000000,0x00000000faa80000)
 ParOldGen       total 175104K, used 16K [0x00000000e0000000, 0x00000000eab00000, 0x00000000f5580000)
  object space 175104K, 0% used [0x00000000e0000000,0x00000000e0004000,0x00000000eab00000)
 Metaspace       used 7407K, capacity 7674K, committed 7936K, reserved 1056768K
  class space    used 920K, capacity 1005K, committed 1024K, reserved 1048576K
}
Event: 2.310 GC heap before
{Heap before GC invocations=2 (full 0):
 PSYoungGen      total 76288K, used 71355K [0x00000000f5580000, 0x00000000faa80000, 0x0000000100000000)
  eden space 65536K, 100% used [0x00000000f5580000,0x00000000f9580000,0x00000000f9580000)
  from space 10752K, 54% used [0x00000000f9580000,0x00000000f9b2ec00,0x00000000fa000000)
  to   space 10752K, 0% used [0x00000000fa000000,0x00000000fa000000,0x00000000faa80000)
 ParOldGen       total 175104K, used 16K [0x00000000e0000000, 0x00000000eab00000, 0x00000000f5580000)
  object space 175104K, 0% used [0x00000000e0000000,0x00000000e0004000,0x00000000eab00000)
 Metaspace       used 14342K, capacity 14792K, committed 14976K, reserved 1062912K
  class space    used 2008K, capacity 2142K, committed 2176K, reserved 1048576K
Event: 2.317 GC heap after
Heap after GC invocations=2 (full 0):
 PSYoungGen      total 76288K, used 9230K [0x00000000f5580000, 0x00000000faa80000, 0x0000000100000000)
  eden space 65536K, 0% used [0x00000000f5580000,0x00000000f5580000,0x00000000f9580000)
  from space 10752K, 85% used [0x00000000fa000000,0x00000000fa903870,0x00000000faa80000)
  to   space 10752K, 0% used [0x00000000f9580000,0x00000000f9580000,0x00000000fa000000)
 ParOldGen       total 175104K, used 24K [0x00000000e0000000, 0x00000000eab00000, 0x00000000f5580000)
  object space 175104K, 0% used [0x00000000e0000000,0x00000000e0006000,0x00000000eab00000)
 Metaspace       used 14342K, capacity 14792K, committed 14976K, reserved 1062912K
  class space    used 2008K, capacity 2142K, committed 2176K, reserved 1048576K
}

Deoptimization events (10 events):
Event: 2.347 Thread 0x0000000019aff000 Uncommon trap: reason=class_check action=maybe_recompile pc=0x0000000003019cb4 method=java.util.regex.Matcher.match(II)Z @ 86
Event: 2.408 Thread 0x0000000019aff000 Uncommon trap: reason=unstable_if action=reinterpret pc=0x00000000031af964 method=java.io.File.getName()Ljava/lang/String; @ 16
Event: 2.408 Thread 0x0000000019aff000 Uncommon trap: reason=unstable_if action=reinterpret pc=0x0000000003191858 method=java.lang.String.substring(I)Ljava/lang/String; @ 35
Event: 2.639 Thread 0x0000000019aff000 Uncommon trap: reason=unstable_if action=reinterpret pc=0x00000000031a88f4 method=java.util.LinkedHashMap.afterNodeInsertion(Z)V @ 1
Event: 2.639 Thread 0x0000000019aff000 Uncommon trap: reason=unstable_if action=reinterpret pc=0x00000000030e8730 method=java.util.HashMap.getNode(ILjava/lang/Object;)Ljava/util/HashMap$Node; @ 129
Event: 2.639 Thread 0x0000000019aff000 Uncommon trap: reason=bimorphic action=maybe_recompile pc=0x00000000033634b0 method=java.util.HashMap.putVal(ILjava/lang/Object;Ljava/lang/Object;ZZ)Ljava/lang/Object; @ 203
Event: 2.639 Thread 0x0000000019aff000 Uncommon trap: reason=unstable_if action=reinterpret pc=0x00000000030d5288 method=java.util.HashMap.getNode(ILjava/lang/Object;)Ljava/util/HashMap$Node; @ 129
Event: 2.640 Thread 0x0000000019aff000 Uncommon trap: reason=bimorphic action=maybe_recompile pc=0x00000000033634b0 method=java.util.HashMap.putVal(ILjava/lang/Object;Ljava/lang/Object;ZZ)Ljava/lang/Object; @ 203
Event: 2.704 Thread 0x0000000019aff000 Uncommon trap: reason=bimorphic action=maybe_recompile pc=0x00000000033695e4 method=java.util.HashMap.putVal(ILjava/lang/Object;Ljava/lang/Object;ZZ)Ljava/lang/Object; @ 203
Event: 2.732 Thread 0x0000000019aff000 Uncommon trap: reason=unstable_if action=reinterpret pc=0x0000000003399324 method=java.util.jar.Attributes$Name.isDigit(C)Z @ 3

Classes redefined (0 events):
No events

Internal exceptions (10 events):
Event: 2.055 Thread 0x0000000019a96000 Exception <a 'java/lang/NoSuchMethodError': <clinit>> (0x00000000f763d508) thrown at [C:\ade\jenkins\workspace\8-2-build-windows-amd64-cygwin\jdk8u241\331\hotspot\src\share\vm\prims\jni.cpp, line 1614]
Event: 2.057 Thread 0x0000000019a96000 Exception <a 'java/lang/NoSuchMethodError': <clinit>> (0x00000000f7656840) thrown at [C:\ade\jenkins\workspace\8-2-build-windows-amd64-cygwin\jdk8u241\331\hotspot\src\share\vm\prims\jni.cpp, line 1614]
Event: 2.064 Thread 0x0000000019a96000 Exception <a 'java/lang/NoSuchMethodError': <clinit>> (0x00000000f76c1ea0) thrown at [C:\ade\jenkins\workspace\8-2-build-windows-amd64-cygwin\jdk8u241\331\hotspot\src\share\vm\prims\jni.cpp, line 1614]
Event: 2.068 Thread 0x0000000019a96000 Exception <a 'java/lang/NoSuchMethodError': <clinit>> (0x00000000f76fe8e8) thrown at [C:\ade\jenkins\workspace\8-2-build-windows-amd64-cygwin\jdk8u241\331\hotspot\src\share\vm\prims\jni.cpp, line 1614]
Event: 2.074 Thread 0x0000000019a96000 Exception <a 'java/lang/NoSuchMethodError': <clinit>> (0x00000000f7734710) thrown at [C:\ade\jenkins\workspace\8-2-build-windows-amd64-cygwin\jdk8u241\331\hotspot\src\share\vm\prims\jni.cpp, line 1614]
Event: 2.257 Thread 0x0000000019aff000 Exception <a 'java/lang/NoSuchMethodError': java.lang.Object.lambda$static$0(Lorg/gradle/internal/state/ModelObject;)Ljava/lang/String;> (0x00000000f8bbbd28) thrown at [C:\ade\jenkins\workspace\8-2-build-windows-amd64-cygwin\jdk8u241\331\hotspot\src\share
Event: 2.448 Thread 0x0000000019aff000 Exception <a 'java/lang/NoSuchMethodError': java.lang.Object.lambda$and$0(Ljava/util/function/Predicate;Ljava/lang/Object;)Z> (0x00000000f604dc08) thrown at [C:\ade\jenkins\workspace\8-2-build-windows-amd64-cygwin\jdk8u241\331\hotspot\src\share\vm\interpr
Event: 2.451 Thread 0x0000000019aff000 Exception <a 'java/lang/IncompatibleClassChangeError': Found class java.lang.Object, but interface was expected> (0x00000000f605df98) thrown at [C:\ade\jenkins\workspace\8-2-build-windows-amd64-cygwin\jdk8u241\331\hotspot\src\share\vm\interpreter\linkReso
Event: 2.453 Thread 0x0000000019aff000 Exception <a 'java/lang/NoSuchMethodError': java.lang.Object.lambda$or$2(Ljava/util/function/Predicate;Ljava/lang/Object;)Z> (0x00000000f6062cd0) thrown at [C:\ade\jenkins\workspace\8-2-build-windows-amd64-cygwin\jdk8u241\331\hotspot\src\share\vm\interpre
Event: 2.478 Thread 0x0000000019aff000 Exception <a 'java/lang/NoSuchMethodError': java.lang.Object.lambda$comparing$77a9974f$1(Ljava/util/function/Function;Ljava/lang/Object;Ljava/lang/Object;)I> (0x00000000f63ffc18) thrown at [C:\ade\jenkins\workspace\8-2-build-windows-amd64-cygwin\jdk8u241\

Events (10 events):
Event: 2.806 Thread 0x0000000019aff000 DEOPT PACKING pc=0x00000000033b54f8 sp=0x000000001b1a9960
Event: 2.806 Thread 0x0000000019aff000 DEOPT UNPACKING pc=0x0000000002ea7890 sp=0x000000001b1a9630 mode 1
Event: 2.806 loading class org/gradle/groovy/scripts/internal/CompileOperation
Event: 2.806 loading class org/gradle/groovy/scripts/internal/CompileOperation done
Event: 2.806 Thread 0x0000000019aff000 DEOPT PACKING pc=0x00000000033b5838 sp=0x000000001b1aa1a0
Event: 2.806 Thread 0x0000000019aff000 DEOPT UNPACKING pc=0x0000000002ea7890 sp=0x000000001b1a9f20 mode 1
Event: 2.806 Thread 0x0000000019aff000 DEOPT PACKING pc=0x00000000033b54f8 sp=0x000000001b1aa290
Event: 2.806 Thread 0x0000000019aff000 DEOPT UNPACKING pc=0x0000000002ea7890 sp=0x000000001b1a9f60 mode 1
Event: 2.806 loading class org/gradle/groovy/scripts/internal/StatementTransformer
Event: 2.806 loading class org/gradle/groovy/scripts/internal/StatementTransformer done


Dynamic libraries:
0x00007ff7dd4f0000 - 0x00007ff7dd527000 	C:\Program Files\Java\jdk1.8.0_241\bin\java.exe
0x00007fffa4db0000 - 0x00007fffa4fa7000 	C:\WINDOWS\SYSTEM32\ntdll.dll
0x00007fffa4060000 - 0x00007fffa411d000 	C:\WINDOWS\System32\KERNEL32.DLL
0x00007fffa2790000 - 0x00007fffa2a5d000 	C:\WINDOWS\System32\KERNELBASE.dll
0x00007fffa3740000 - 0x00007fffa37ee000 	C:\WINDOWS\System32\ADVAPI32.dll
0x00007fffa39c0000 - 0x00007fffa3a5e000 	C:\WINDOWS\System32\msvcrt.dll
0x00007fffa3f60000 - 0x00007fffa3ffc000 	C:\WINDOWS\System32\sechost.dll
0x00007fffa4590000 - 0x00007fffa46b5000 	C:\WINDOWS\System32\RPCRT4.dll
0x00007fffa3a80000 - 0x00007fffa3c20000 	C:\WINDOWS\System32\USER32.dll
0x00007fffa2620000 - 0x00007fffa2642000 	C:\WINDOWS\System32\win32u.dll
0x00007fffa46c0000 - 0x00007fffa46ea000 	C:\WINDOWS\System32\GDI32.dll
0x00007fffa2680000 - 0x00007fffa278b000 	C:\WINDOWS\System32\gdi32full.dll
0x00007fffa2580000 - 0x00007fffa261d000 	C:\WINDOWS\System32\msvcp_win.dll
0x00007fffa2c80000 - 0x00007fffa2d80000 	C:\WINDOWS\System32\ucrtbase.dll
0x00007fff8cd10000 - 0x00007fff8cfaa000 	C:\WINDOWS\WinSxS\amd64_microsoft.windows.common-controls_6595b64144ccf1df_6.0.19041.1110_none_60b5254171f9507e\COMCTL32.dll
0x00007fffa3e80000 - 0x00007fffa3eb0000 	C:\WINDOWS\System32\IMM32.DLL
0x0000000064ae0000 - 0x0000000064bb2000 	C:\Program Files\Java\jdk1.8.0_241\jre\bin\msvcr100.dll
0x0000000063aa0000 - 0x000000006434c000 	C:\Program Files\Java\jdk1.8.0_241\jre\bin\server\jvm.dll
0x00007fffa4850000 - 0x00007fffa4858000 	C:\WINDOWS\System32\PSAPI.DLL
0x00007fff99b00000 - 0x00007fff99b27000 	C:\WINDOWS\SYSTEM32\WINMM.dll
0x00007fff8f5f0000 - 0x00007fff8f5f9000 	C:\WINDOWS\SYSTEM32\WSOCK32.dll
0x00007fff9aba0000 - 0x00007fff9abaa000 	C:\WINDOWS\SYSTEM32\VERSION.dll
0x00007fffa4d00000 - 0x00007fffa4d6b000 	C:\WINDOWS\System32\WS2_32.dll
0x00007fff745b0000 - 0x00007fff745bf000 	C:\Program Files\Java\jdk1.8.0_241\jre\bin\verify.dll
0x00007fff34ac0000 - 0x00007fff34ae9000 	C:\Program Files\Java\jdk1.8.0_241\jre\bin\java.dll
0x00007fff33520000 - 0x00007fff33555000 	C:\Program Files\Java\jdk1.8.0_241\jre\bin\jdwp.dll
0x00007fff74030000 - 0x00007fff74038000 	C:\Program Files\Java\jdk1.8.0_241\jre\bin\npt.dll
0x00007fff66be0000 - 0x00007fff66bf6000 	C:\Program Files\Java\jdk1.8.0_241\jre\bin\zip.dll
0x00007fffa2e70000 - 0x00007fffa35b4000 	C:\WINDOWS\System32\SHELL32.dll
0x00007fffa0570000 - 0x00007fffa0d04000 	C:\WINDOWS\SYSTEM32\windows.storage.dll
0x00007fffa49a0000 - 0x00007fffa4cf4000 	C:\WINDOWS\System32\combase.dll
0x00007fffa1e50000 - 0x00007fffa1e7c000 	C:\WINDOWS\SYSTEM32\Wldp.dll
0x00007fffa3eb0000 - 0x00007fffa3f5d000 	C:\WINDOWS\System32\SHCORE.dll
0x00007fffa35c0000 - 0x00007fffa3615000 	C:\WINDOWS\System32\shlwapi.dll
0x00007fffa2410000 - 0x00007fffa242f000 	C:\WINDOWS\SYSTEM32\profapi.dll
0x00007fff73f80000 - 0x00007fff73f89000 	C:\Program Files\Java\jdk1.8.0_241\jre\bin\dt_socket.dll
0x00007fffa1c30000 - 0x00007fffa1c9a000 	C:\WINDOWS\system32\mswsock.dll
0x00007fff58350000 - 0x00007fff5836a000 	C:\Program Files\Java\jdk1.8.0_241\jre\bin\net.dll
0x00007fff49dd0000 - 0x00007fff49de2000 	C:\Program Files\Java\jdk1.8.0_241\jre\bin\nio.dll
0x00007fff36ad0000 - 0x00007fff36af6000 	C:\Users\r_ale\.gradle\native\fdc75f09e3144964f2cf3f50f0aa648679c211496f362492102eb8c894070792\windows-amd64\native-platform.dll
0x00007fff33560000 - 0x00007fff336f1000 	C:\Users\r_ale\.gradle\native\12488b8bf47d2d4c9fbf2f6322a914ad602e24e48041cd04a747c6da556b65c4\windows-amd64\native-platform-file-events.dll
0x00007fff73bf0000 - 0x00007fff73bfd000 	C:\Program Files\Java\jdk1.8.0_241\jre\bin\management.dll
0x00007fffa2190000 - 0x00007fffa21a8000 	C:\WINDOWS\SYSTEM32\CRYPTSP.dll
0x00007fffa1560000 - 0x00007fffa1594000 	C:\WINDOWS\system32\rsaenh.dll
0x00007fffa2650000 - 0x00007fffa2677000 	C:\WINDOWS\System32\bcrypt.dll
0x00007fffa23d0000 - 0x00007fffa23fe000 	C:\WINDOWS\SYSTEM32\USERENV.dll
0x00007fffa2d80000 - 0x00007fffa2e02000 	C:\WINDOWS\System32\bcryptprimitives.dll
0x00007fffa1dc0000 - 0x00007fffa1dcc000 	C:\WINDOWS\SYSTEM32\CRYPTBASE.dll
0x00007fffa18f0000 - 0x00007fffa192b000 	C:\WINDOWS\SYSTEM32\IPHLPAPI.DLL
0x00007fffa48c0000 - 0x00007fffa48c8000 	C:\WINDOWS\System32\NSI.dll
0x00007fff9c4c0000 - 0x00007fff9c4d7000 	C:\WINDOWS\SYSTEM32\dhcpcsvc6.DLL
0x00007fff9c3c0000 - 0x00007fff9c3dd000 	C:\WINDOWS\SYSTEM32\dhcpcsvc.DLL
0x00007fffa1940000 - 0x00007fffa1a0b000 	C:\WINDOWS\SYSTEM32\DNSAPI.dll
0x00007fff9c790000 - 0x00007fff9c79b000 	C:\WINDOWS\SYSTEM32\WINNSI.DLL

VM Arguments:
jvm_args: -XX:MaxMetaspaceSize=256m -XX:+HeapDumpOnOutOfMemoryError -agentlib:jdwp=transport=dt_socket,server=n,suspend=y,address=127.0.0.1:50570 -Xms256m -Xmx512m -Dfile.encoding=windows-1252 -Duser.country=US -Duser.language=en -Duser.variant 
java_command: org.gradle.launcher.daemon.bootstrap.GradleDaemon 6.7
java_class_path (initial): C:\Users\r_ale\.gradle\wrapper\dists\gradle-6.7-bin\efvqh8uyq79v2n7rcncuhu9sv\gradle-6.7\lib\gradle-launcher-6.7.jar
Launcher Type: SUN_STANDARD

Environment Variables:
JAVA_HOME=C:\Program Files\Java\jdk1.8.0_241
PATH=C:\Program Files\Common Files\Oracle\Java\javapath;H:\Programe\OracleXE\dbhomeXE\bin;J:\Programe\VMware\VMware Player\bin\;D:\Oculus\Support\oculus-runtime;C:\Program Files\Haskell\bin;D:\Program Files\Haskell Platform\8.6.5\lib\extralibs\bin;D:\Program Files\Haskell Platform\8.6.5\bin;C:\Program Files\Java\jdk1.8.0_241\bin;C:\Windows\system32;C:\Windows;C:\Program Files (x86)\Common Files\Oracle\Java\javapath;C:\Windows\System32\Wbem;C:\Windows\System32\WindowsPowerShell\v1.0\;C:\Program Files (x86)\NVIDIA Corporation\PhysX\Common;C:\Program Files\NVIDIA Corporation\NVIDIA NvDLISR;C:\Gradle\gradle-5.6.2\bin;C:\WINDOWS\system32;C:\WINDOWS;C:\WINDOWS\System32\Wbem;C:\WINDOWS\System32\WindowsPowerShell\v1.0\;C:\WINDOWS\System32\OpenSSH\;D:\Program Files\Haskell Platform\8.6.5\mingw\bin;D:\Programe\swipl\bin;C:\Program Files\dotnet\;D:\Programe\nodejs\;J:\Git\cmd;C:\WINDOWS\system32;C:\WINDOWS;C:\WINDOWS\System32\Wbem;C:\WINDOWS\System32\WindowsPowerShell\v1.0\;C:\WINDOWS\System32\OpenSSH\;C:\Program Files (x86)\Microsoft SQL Server\150\DTS\Binn\;C:\Program Files\Azure Data Studio\bin;C:\Program Files\Microsoft SQL Server\150\Tools\Binn\;C:\Program Files\Microsoft SQL Server\Client SDK\ODBC\170\Tools\Binn\;C:\Program Files\Docker\Docker\resources\bin;C:\ProgramData\DockerDesktop\version-bin;C:\Program Files\Git\cmd;C:\Program Files\MySQL\MySQL Shell 8.0\bin\;C:\Users\r_ale\AppData\Roaming\cabal\bin;C:\Users\r_ale\AppData\Roaming\local\bin;C:\Users\r_ale\AppData\Local\Microsoft\WindowsApps;C:\Users\r_ale\AppData\Local\GitHubDesktop\bin;D:\Programe\Microsoft VS Code\bin;J:\DIVERSE PROGRAME\MiKTeX\miktex\bin\x64\;C:\Users\r_ale\AppData\Roaming\npm;C:\Users\r_ale\AppData\Local\Microsoft\WindowsApps;D:\Programe\JetBrains\IntelliJ IDEA Community Edition 2021.2.3\bin;;C:\Program Files\Azure Data Studio\bin;C:\Users\r_ale\.dotnet\tools;D:\Programe\MiKTeX\miktex\bin\x64\
USERNAME=Alexgaby
OS=Windows_NT
PROCESSOR_IDENTIFIER=Intel64 Family 6 Model 60 Stepping 3, GenuineIntel



---------------  S Y S T E M  ---------------

OS: Windows 10.0 , 64 bit Build 19041 (10.0.19041.1741)

CPU:total 8 (initial active 8) (4 cores per cpu, 2 threads per core) family 6 model 60 stepping 3, cmov, cx8, fxsr, mmx, sse, sse2, sse3, ssse3, sse4.1, sse4.2, popcnt, avx, avx2, aes, clmul, erms, lzcnt, ht, tsc, tscinvbit, bmi1, bmi2

Memory: 4k page, physical 25106008k(5462464k free), swap 25106008k(5120k free)

vm_info: Java HotSpot(TM) 64-Bit Server VM (25.241-b07) for windows-amd64 JRE (1.8.0_241-b07), built on Dec 11 2019 10:21:40 by "rejava" with MS VC++ 10.0 (VS2010)

time: Sat Jul 02 20:53:41 2022
timezone: GTB Daylight Time
elapsed time: 2 seconds (0d 0h 0m 2s)

